<?xml version="1.0" encoding="UTF-8"?>
<testsuite xmlns:xsi="http://www.w3.org/2001/XMLSchema-instance" xsi:noNamespaceSchemaLocation="https://maven.apache.org/surefire/maven-surefire-plugin/xsd/surefire-test-report.xsd" name="kas.concurrente.modelos.EstacionamientoTest" time="15.033" tests="5" errors="0" skipped="0" failures="0">
  <properties>
[...]
</properties>
  <testcase name="verificaInicializacionCorrectaDelEstacionamiento" classname="kas.concurrente.modelos.EstacionamientoTest" time="0"/>
  <testcase name="estacionamientoSeMarcaComoLleno" classname="kas.concurrente.modelos.EstacionamientoTest" time="0.992"/>
  <testcase name="conteoGlobalVecesEstacionado" classname="kas.concurrente.modelos.EstacionamientoTest" time="6.018"/>
  <testcase name="lugaresDisponiblesITest" classname="kas.concurrente.modelos.EstacionamientoTest" time="0.001"/>
  <testcase name="conteoVecesEstacionado" classname="kas.concurrente.modelos.EstacionamientoTest" time="8.019"/>
</testsuite>